<?xml version="1.0" encoding="UTF-8"?>
<!-- Generated by org.testng.reporters.JUnitReportReporter -->
<testsuite name="API.com.project.api.SAIL.Sail_CoursesTest" tests="8" time="43.777" ignored="0" failures="2" timestamp="05 Sep 2017 16:34:00 GMT" skipped="0" hostname="WFXD481D7D98814" errors="0">
  <testcase name="T1_test_Http_Status_Code_For_The_Programs_API" time="11.264" classname="API.com.project.api.SAIL.Sail_CoursesTest"/>
  <testcase name="T4_test_OffSet_And_Max_When_Set_To_Same_Value_Recors_Are_Displayed_While_Using_Pagesize" time="2.667" classname="API.com.project.api.SAIL.Sail_CoursesTest"/>
  <testcase name="T2_test_All_Headers_Are_Present_In_The_Response" time="0.009" classname="API.com.project.api.SAIL.Sail_CoursesTest"/>
  <testcase name="T8_test_No_Of_Records_If_OfSet_IS_SET_TO_0" time="8.469" classname="API.com.project.api.SAIL.Sail_CoursesTest"/>
  <testcase name="T3_test_More_Than_Records_Are_Returned_From_The_Call" time="0.003" classname="API.com.project.api.SAIL.Sail_CoursesTest"/>
  <testcase name="T5_test_Check_A_SpecificRecord" time="9.887" classname="API.com.project.api.SAIL.Sail_CoursesTest">
    <failure type="java.lang.AssertionError" message="Invalid key level found expected [true] but found [false]">
      <![CDATA[java.lang.AssertionError: Invalid key level found expected [true] but found [false]
	at org.testng.Assert.fail(Assert.java:94)
	at org.testng.Assert.failNotEquals(Assert.java:513)
	at org.testng.Assert.assertEqualsImpl(Assert.java:135)
	at org.testng.Assert.assertEquals(Assert.java:116)
	at org.testng.Assert.assertEquals(Assert.java:305)
	at Parser.Parser.checkValuesForKeysInResponseInsideRecordRange(Parser.java:160)
	at Parser.Parser.checkKeyValueForResponseInRecordNumber(Parser.java:82)
	at API.com.project.api.SAIL.Sail_CoursesTest.T5_test_Check_A_SpecificRecord(Sail_CoursesTest.java:123)
	at sun.reflect.NativeMethodAccessorImpl.invoke0(Native Method)
	at sun.reflect.NativeMethodAccessorImpl.invoke(Unknown Source)
	at sun.reflect.DelegatingMethodAccessorImpl.invoke(Unknown Source)
	at java.lang.reflect.Method.invoke(Unknown Source)
	at org.testng.internal.MethodInvocationHelper.invokeMethod(MethodInvocationHelper.java:104)
	at org.testng.internal.Invoker.invokeMethod(Invoker.java:645)
	at org.testng.internal.Invoker.invokeTestMethod(Invoker.java:851)
	at org.testng.internal.Invoker.invokeTestMethods(Invoker.java:1177)
	at org.testng.internal.TestMethodWorker.invokeTestMethods(TestMethodWorker.java:129)
	at org.testng.internal.TestMethodWorker.run(TestMethodWorker.java:112)
	at org.testng.TestRunner.privateRun(TestRunner.java:756)
	at org.testng.TestRunner.run(TestRunner.java:610)
	at org.testng.SuiteRunner.runTest(SuiteRunner.java:387)
	at org.testng.SuiteRunner.runSequentially(SuiteRunner.java:382)
	at org.testng.SuiteRunner.privateRun(SuiteRunner.java:340)
	at org.testng.SuiteRunner.run(SuiteRunner.java:289)
	at org.testng.SuiteRunnerWorker.runSuite(SuiteRunnerWorker.java:52)
	at org.testng.SuiteRunnerWorker.run(SuiteRunnerWorker.java:86)
	at org.testng.TestNG.runSuitesSequentially(TestNG.java:1293)
	at org.testng.TestNG.runSuitesLocally(TestNG.java:1218)
	at org.testng.TestNG.runSuites(TestNG.java:1133)
	at org.testng.TestNG.run(TestNG.java:1104)
	at org.testng.remote.AbstractRemoteTestNG.run(AbstractRemoteTestNG.java:132)
	at org.testng.remote.RemoteTestNG.initAndRun(RemoteTestNG.java:230)
	at org.testng.remote.RemoteTestNG.main(RemoteTestNG.java:76)
]]>
    </failure>
  </testcase> <!-- T5_test_Check_A_SpecificRecord -->
  <testcase name="T6_test_Check_Records_In_Range" time="8.969" classname="API.com.project.api.SAIL.Sail_CoursesTest">
    <failure type="java.lang.AssertionError" message="Invalid key level found expected [true] but found [false]">
      <![CDATA[java.lang.AssertionError: Invalid key level found expected [true] but found [false]
	at org.testng.Assert.fail(Assert.java:94)
	at org.testng.Assert.failNotEquals(Assert.java:513)
	at org.testng.Assert.assertEqualsImpl(Assert.java:135)
	at org.testng.Assert.assertEquals(Assert.java:116)
	at org.testng.Assert.assertEquals(Assert.java:305)
	at Parser.Parser.checkValuesForKeysInResponseInsideRecordRange(Parser.java:160)
	at API.com.project.api.SAIL.Sail_CoursesTest.T6_test_Check_Records_In_Range(Sail_CoursesTest.java:143)
	at sun.reflect.NativeMethodAccessorImpl.invoke0(Native Method)
	at sun.reflect.NativeMethodAccessorImpl.invoke(Unknown Source)
	at sun.reflect.DelegatingMethodAccessorImpl.invoke(Unknown Source)
	at java.lang.reflect.Method.invoke(Unknown Source)
	at org.testng.internal.MethodInvocationHelper.invokeMethod(MethodInvocationHelper.java:104)
	at org.testng.internal.Invoker.invokeMethod(Invoker.java:645)
	at org.testng.internal.Invoker.invokeTestMethod(Invoker.java:851)
	at org.testng.internal.Invoker.invokeTestMethods(Invoker.java:1177)
	at org.testng.internal.TestMethodWorker.invokeTestMethods(TestMethodWorker.java:129)
	at org.testng.internal.TestMethodWorker.run(TestMethodWorker.java:112)
	at org.testng.TestRunner.privateRun(TestRunner.java:756)
	at org.testng.TestRunner.run(TestRunner.java:610)
	at org.testng.SuiteRunner.runTest(SuiteRunner.java:387)
	at org.testng.SuiteRunner.runSequentially(SuiteRunner.java:382)
	at org.testng.SuiteRunner.privateRun(SuiteRunner.java:340)
	at org.testng.SuiteRunner.run(SuiteRunner.java:289)
	at org.testng.SuiteRunnerWorker.runSuite(SuiteRunnerWorker.java:52)
	at org.testng.SuiteRunnerWorker.run(SuiteRunnerWorker.java:86)
	at org.testng.TestNG.runSuitesSequentially(TestNG.java:1293)
	at org.testng.TestNG.runSuitesLocally(TestNG.java:1218)
	at org.testng.TestNG.runSuites(TestNG.java:1133)
	at org.testng.TestNG.run(TestNG.java:1104)
	at org.testng.remote.AbstractRemoteTestNG.run(AbstractRemoteTestNG.java:132)
	at org.testng.remote.RemoteTestNG.initAndRun(RemoteTestNG.java:230)
	at org.testng.remote.RemoteTestNG.main(RemoteTestNG.java:76)
]]>
    </failure>
  </testcase> <!-- T6_test_Check_Records_In_Range -->
  <testcase name="T7_test_No_Of_Records_If_Offset_And_Max_Are_Same" time="2.509" classname="API.com.project.api.SAIL.Sail_CoursesTest"/>
</testsuite> <!-- API.com.project.api.SAIL.Sail_CoursesTest -->
