<?xml version="1.0" encoding="UTF-8"?>
<!-- Generated by org.testng.reporters.JUnitReportReporter -->
<testsuite name="API.com.project.api.ProgramsTest" tests="8" time="23.811" ignored="6" failures="1" timestamp="04 Sep 2017 05:52:02 GMT" skipped="0" hostname="IND062" errors="0">
  <testcase name="T3_test_More_Than_Records_Are_Returned_From_The_Call" time="0.000" classname="API.com.project.api.ProgramsTest"/>
  <testcase name="T7_test_No_Of_Records_If_Offset_And_Max_Are_Same" time="1.686" classname="API.com.project.api.ProgramsTest"/>
  <testcase name="T8_test_No_Of_Records_If_OfSet_IS_SET_TO_0" time="5.049" classname="API.com.project.api.ProgramsTest">
    <failure type="java.lang.AssertionError" message="Max size header value didn&#039;t match when offset was set to 0 and no other value was passed expected [500] but found [493]">
      <![CDATA[java.lang.AssertionError: Max size header value didn't match when offset was set to 0 and no other value was passed expected [500] but found [493]
	at org.testng.Assert.fail(Assert.java:94)
	at org.testng.Assert.failNotEquals(Assert.java:513)
	at org.testng.Assert.assertEqualsImpl(Assert.java:135)
	at org.testng.Assert.assertEquals(Assert.java:116)
	at org.testng.Assert.assertEquals(Assert.java:190)
	at API.com.project.api.ProgramsTest.T8_test_No_Of_Records_If_OfSet_IS_SET_TO_0(ProgramsTest.java:202)
	at sun.reflect.NativeMethodAccessorImpl.invoke0(Native Method)
	at sun.reflect.NativeMethodAccessorImpl.invoke(Unknown Source)
	at sun.reflect.DelegatingMethodAccessorImpl.invoke(Unknown Source)
	at java.lang.reflect.Method.invoke(Unknown Source)
	at org.testng.internal.MethodInvocationHelper.invokeMethod(MethodInvocationHelper.java:104)
	at org.testng.internal.Invoker.invokeMethod(Invoker.java:645)
	at org.testng.internal.Invoker.invokeTestMethod(Invoker.java:851)
	at org.testng.internal.Invoker.invokeTestMethods(Invoker.java:1177)
	at org.testng.internal.TestMethodWorker.invokeTestMethods(TestMethodWorker.java:129)
	at org.testng.internal.TestMethodWorker.run(TestMethodWorker.java:112)
	at org.testng.TestRunner.privateRun(TestRunner.java:756)
	at org.testng.TestRunner.run(TestRunner.java:610)
	at org.testng.SuiteRunner.runTest(SuiteRunner.java:387)
	at org.testng.SuiteRunner.runSequentially(SuiteRunner.java:382)
	at org.testng.SuiteRunner.privateRun(SuiteRunner.java:340)
	at org.testng.SuiteRunner.run(SuiteRunner.java:289)
	at org.testng.SuiteRunnerWorker.runSuite(SuiteRunnerWorker.java:52)
	at org.testng.SuiteRunnerWorker.run(SuiteRunnerWorker.java:86)
	at org.testng.TestNG.runSuitesSequentially(TestNG.java:1293)
	at org.testng.TestNG.runSuitesLocally(TestNG.java:1218)
	at org.testng.TestNG.runSuites(TestNG.java:1133)
	at org.testng.TestNG.run(TestNG.java:1104)
	at org.testng.remote.AbstractRemoteTestNG.run(AbstractRemoteTestNG.java:126)
	at org.testng.remote.RemoteTestNG.initAndRun(RemoteTestNG.java:152)
	at org.testng.remote.RemoteTestNG.main(RemoteTestNG.java:57)
]]>
    </failure>
  </testcase> <!-- T8_test_No_Of_Records_If_OfSet_IS_SET_TO_0 -->
  <testcase name="T5_test_Check_A_SpecificRecord" time="3.416" classname="API.com.project.api.ProgramsTest"/>
  <testcase name="T4_test_OffSet_And_Max_When_Set_To_Same_Value_Recors_Are_Displayed_While_Using_Pagesize" time="2.329" classname="API.com.project.api.ProgramsTest"/>
  <testcase name="T6_test_Check_Records_In_Range" time="3.620" classname="API.com.project.api.ProgramsTest"/>
  <testcase name="T2_test_All_Headers_Are_Present_In_The_Response" time="0.010" classname="API.com.project.api.ProgramsTest"/>
  <testcase name="T1_test_Http_Status_Code_For_The_Programs_API" time="7.701" classname="API.com.project.api.ProgramsTest"/>
  <testcase name="tearDown" classname="API.com.project.api.BaseTest">
    <skipped/>
  </testcase> <!-- tearDown -->
  <testcase name="tearDown" classname="API.com.project.api.BaseTest">
    <skipped/>
  </testcase> <!-- tearDown -->
  <testcase name="tearDown" classname="API.com.project.api.BaseTest">
    <skipped/>
  </testcase> <!-- tearDown -->
  <testcase name="init" classname="API.com.project.api.BaseTest">
    <skipped/>
  </testcase> <!-- init -->
  <testcase name="init" classname="API.com.project.api.BaseTest">
    <skipped/>
  </testcase> <!-- init -->
  <testcase name="init" classname="API.com.project.api.BaseTest">
    <skipped/>
  </testcase> <!-- init -->
</testsuite> <!-- API.com.project.api.ProgramsTest -->
